Unity Editor version:    6000.0.22f1 (001fa5a8e29a)
Branch:                  trunk
Build type:              Release
Batch mode:              YES
macOS version:           Version 13.3.1 (a) (Build 22E772610a)
Darwin version:          22.4.0
Architecture:            arm64
Running under Rosetta:   NO
Available memory:        32768 MB
Using pre-set license
Pro License: YES

COMMAND LINE ARGUMENTS:
/Applications/Unity/Hub/Editor/6000.0.22f1/Unity.app/Contents/MacOS/Unity
-adb2
-batchMode
-noUpm
-name
AssetImportWorker0
-projectPath
/Users/vilvanathanv/Documents/Unity Projects/Onboarding Tutorial/sosxr-unity-onboardingtutorial/Unity
-logFile
Logs/AssetImportWorker0.log
-srvPort
52698
-job-worker-count
4
-background-job-worker-count
8
-asset-garbage-collectors
1
Successfully changed project path to: /Users/vilvanathanv/Documents/Unity Projects/Onboarding Tutorial/sosxr-unity-onboardingtutorial/Unity
/Users/vilvanathanv/Documents/Unity Projects/Onboarding Tutorial/sosxr-unity-onboardingtutorial/Unity
[UnityMemory] Configuration Parameters - Can be set up in boot.config
    "memorysetup-bucket-allocator-granularity=16"
    "memorysetup-bucket-allocator-bucket-count=8"
    "memorysetup-bucket-allocator-block-size=33554432"
    "memorysetup-bucket-allocator-block-count=8"
    "memorysetup-main-allocator-block-size=16777216"
    "memorysetup-thread-allocator-block-size=16777216"
    "memorysetup-gfx-main-allocator-block-size=16777216"
    "memorysetup-gfx-thread-allocator-block-size=16777216"
    "memorysetup-cache-allocator-block-size=4194304"
    "memorysetup-typetree-allocator-block-size=2097152"
    "memorysetup-profiler-bucket-allocator-granularity=16"
    "memorysetup-profiler-bucket-allocator-bucket-count=8"
    "memorysetup-profiler-bucket-allocator-block-size=33554432"
    "memorysetup-profiler-bucket-allocator-block-count=8"
    "memorysetup-profiler-allocator-block-size=16777216"
    "memorysetup-profiler-editor-allocator-block-size=1048576"
    "memorysetup-temp-allocator-size-main=16777216"
    "memorysetup-job-temp-allocator-block-size=2097152"
    "memorysetup-job-temp-allocator-block-size-background=1048576"
    "memorysetup-job-temp-allocator-reduction-small-platforms=262144"
    "memorysetup-allocator-temp-initial-block-size-main=262144"
    "memorysetup-allocator-temp-initial-block-size-worker=262144"
    "memorysetup-temp-allocator-size-background-worker=32768"
    "memorysetup-temp-allocator-size-job-worker=262144"
    "memorysetup-temp-allocator-size-preload-manager=33554432"
    "memorysetup-temp-allocator-size-nav-mesh-worker=65536"
    "memorysetup-temp-allocator-size-audio-worker=65536"
    "memorysetup-temp-allocator-size-cloud-worker=32768"
    "memorysetup-temp-allocator-size-gi-baking-worker=262144"
    "memorysetup-temp-allocator-size-gi-baking-worker=262144"
    "memorysetup-temp-allocator-size-gi-baking-worker=262144"
    "memorysetup-temp-allocator-size-gi-baking-worker=262144"
    "memorysetup-temp-allocator-size-gi-baking-worker=262144"
    "memorysetup-temp-allocator-size-gfx=262144"
Player connection [8039111488]  Target information:

Player connection [8039111488]  * "[IP] 145.118.229.37 [Port] 0 [Flags] 2 [Guid] 1753030982 [EditorId] 1753030982 [Version] 1048832 [Id] OSXEditor(0,m0059452) [Debug] 1 [PackageName] OSXEditor [ProjectName] Editor" 

Player connection [8039111488] Host joined multi-casting on [225.0.0.222:54997]...
Player connection [8039111488] Host joined alternative multi-casting on [225.0.0.222:34997]...
JobSystem: Creating JobQueue using job-worker-count value 4
[Physics::Module] Initialized fallback backend.
[Physics::Module] Id: 0xdecafbad
Library Redirect Path: Library/
[Physics::Module] Selected backend.
[Physics::Module] Name: PhysX
[Physics::Module] Id: 0xf2b8ea05
[Physics::Module] SDK Version: 4.1.2
[Physics::Module] Integration Version: 1.0.0
[Physics::Module] Threading Mode: Multi-Threaded
Refreshing native plugins compatible for Editor in 5.98 ms, found 9 plugins.
Preloading 1 native plugins for Editor in 4.21 ms.
Initialize engine version: 6000.0.22f1 (001fa5a8e29a)
[Subsystems] Discovering subsystems at path /Applications/Unity/Hub/Editor/6000.0.22f1/Unity.app/Contents/Resources/UnitySubsystems
[Subsystems] Discovering subsystems at path /Users/vilvanathanv/Documents/Unity Projects/Onboarding Tutorial/sosxr-unity-onboardingtutorial/Unity/Assets
GfxDevice: creating device client; kGfxThreadingModeNonThreaded
 preferred device: Apple M2 Pro (high power)
Metal devices available: 1
0: Apple M2 Pro (high power)
Using device Apple M2 Pro (high power)
Initializing Metal device caps: Apple M2 Pro
Initialize mono
Mono path[0] = '/Applications/Unity/Hub/Editor/6000.0.22f1/Unity.app/Contents/Managed'
Mono path[1] = '/Applications/Unity/Hub/Editor/6000.0.22f1/Unity.app/Contents/MonoBleedingEdge/lib/mono/unityjit-macos'
Mono config path = '/Applications/Unity/Hub/Editor/6000.0.22f1/Unity.app/Contents/MonoBleedingEdge/etc'
Using monoOptions --debugger-agent=transport=dt_socket,embedding=1,server=y,suspend=n,address=127.0.0.1:56526
Begin MonoManager ReloadAssembly
Registering precompiled unity dll's ...
Register platform support module: /Applications/Unity/Hub/Editor/6000.0.22f1/Unity.app/Contents/PlaybackEngines/MacStandaloneSupport/UnityEditor.OSXStandalone.Extensions.dll
Register platform support module: /Applications/Unity/Hub/Editor/6000.0.22f1/PlaybackEngines/AndroidPlayer/UnityEditor.Android.Extensions.dll
Register platform support module: /Applications/Unity/Hub/Editor/6000.0.22f1/PlaybackEngines/iOSSupport/UnityEditor.iOS.Extensions.dll
Registered in 0.001268 seconds.
- Loaded All Assemblies, in  0.279 seconds
[usbmuxd] Start listen thread
[usbmuxd] Listen thread started
[usbmuxd] Send listen message
Native extension for iOS target not found
Native extension for Android target not found
Android Extension - Scanning For ADB Devices 81 ms
Native extension for OSXStandalone target not found
Mono: successfully reloaded assembly
- Finished resetting the current domain, in  0.571 seconds
Domain Reload Profiling: 850ms
	BeginReloadAssembly (90ms)
		ExecutionOrderSort (0ms)
		DisableScriptedObjects (0ms)
		BackupInstance (0ms)
		ReleaseScriptingObjects (0ms)
		CreateAndSetChildDomain (0ms)
	RebuildCommonClasses (27ms)
	RebuildNativeTypeToScriptingClass (10ms)
	initialDomainReloadingComplete (32ms)
	LoadAllAssembliesAndSetupDomain (119ms)
		LoadAssemblies (90ms)
		RebuildTransferFunctionScriptingTraits (0ms)
		AnalyzeDomain (117ms)
			TypeCache.Refresh (116ms)
				TypeCache.ScanAssembly (105ms)
			BuildScriptInfoCaches (0ms)
			ResolveRequiredComponents (0ms)
	FinalizeReload (572ms)
		ReleaseScriptCaches (0ms)
		RebuildScriptCaches (0ms)
		SetupLoadedEditorAssemblies (534ms)
			LogAssemblyErrors (0ms)
			InitializePlatformSupportModulesInManaged (214ms)
			SetLoadedEditorAssemblies (3ms)
			BeforeProcessingInitializeOnLoad (4ms)
			ProcessInitializeOnLoadAttributes (200ms)
			ProcessInitializeOnLoadMethodAttributes (103ms)
			AfterProcessingInitializeOnLoad (9ms)
			EditorAssembliesLoaded (0ms)
		ExecutionOrderSort2 (0ms)
		AwakeInstancesAfterBackupRestoration (0ms)
========================================================================
Worker process is ready to serve import requests
Import Worker Mode flag is 0x00
Begin MonoManager ReloadAssembly
Symbol file LoadedFromMemory is not a mono symbol file
- Loaded All Assemblies, in  0.824 seconds
'Packages/com.unity.xr.openxr/Runtime/OpenXRLoader.cs' contains partial class of Unity.Object, exactly 1 of the partial classes needs to be in a file with the same filename. This is to know the one that can be referenced from ie. GameObjects
'Packages/com.unity.xr.openxr/Runtime/OpenXRLoaderInternal.cs' contains partial class of Unity.Object, exactly 1 of the partial classes needs to be in a file with the same filename. This is to know the one that can be referenced from ie. GameObjects
Refreshing native plugins compatible for Editor in 3.13 ms, found 9 plugins.
Native extension for iOS target not found
Native extension for Android target not found
Native extension for OSXStandalone target not found
Package Manager log level set to [2]
[Package Manager] Failed to launch server process. Reason: Unity was launched with the -noUpm command-line argument
[Package Manager] Unable to send message (not connected to server process).
[Package Manager] Cannot connect to Unity Package Manager local server
Mono: successfully reloaded assembly
[Package Manager] Failed to launch server process. Reason: Unity was launched with the -noUpm command-line argument
[Package Manager] Unable to send message (not connected to server process).
[Package Manager] Cannot connect to Unity Package Manager local server
[Package Manager] Failed to launch server process. Reason: Unity was launched with the -noUpm command-line argument
[Package Manager] Unable to send message (not connected to server process).
[Package Manager] Cannot connect to Unity Package Manager local server
- Finished resetting the current domain, in  0.854 seconds
Domain Reload Profiling: 1678ms
	BeginReloadAssembly (287ms)
		ExecutionOrderSort (0ms)
		DisableScriptedObjects (3ms)
		BackupInstance (0ms)
		ReleaseScriptingObjects (0ms)
		CreateAndSetChildDomain (30ms)
	RebuildCommonClasses (30ms)
	RebuildNativeTypeToScriptingClass (9ms)
	initialDomainReloadingComplete (24ms)
	LoadAllAssembliesAndSetupDomain (473ms)
		LoadAssemblies (300ms)
		RebuildTransferFunctionScriptingTraits (0ms)
		AnalyzeDomain (224ms)
			TypeCache.Refresh (153ms)
				TypeCache.ScanAssembly (135ms)
			BuildScriptInfoCaches (60ms)
			ResolveRequiredComponents (9ms)
	FinalizeReload (854ms)
		ReleaseScriptCaches (0ms)
		RebuildScriptCaches (0ms)
		SetupLoadedEditorAssemblies (672ms)
			LogAssemblyErrors (0ms)
			InitializePlatformSupportModulesInManaged (19ms)
			SetLoadedEditorAssemblies (5ms)
			BeforeProcessingInitializeOnLoad (73ms)
			ProcessInitializeOnLoadAttributes (472ms)
			ProcessInitializeOnLoadMethodAttributes (101ms)
			AfterProcessingInitializeOnLoad (2ms)
			EditorAssembliesLoaded (0ms)
		ExecutionOrderSort2 (0ms)
		AwakeInstancesAfterBackupRestoration (2ms)
Launching external process: /Applications/Unity/Hub/Editor/6000.0.22f1/Unity.app/Contents/Tools/UnityShaderCompiler
Launched and connected shader compiler UnityShaderCompiler after 0.06 seconds
Refreshing native plugins compatible for Editor in 6.48 ms, found 9 plugins.
Preloading 1 native plugins for Editor in 0.20 ms.
Unloading 225 Unused Serialized files (Serialized files now loaded: 0)
Unloading 7020 unused Assets / (4.8 MB). Loaded Objects now: 7856.
Memory consumption went from 184.7 MB to 179.9 MB.
Total: 7.806916 ms (FindLiveObjects: 0.555209 ms CreateObjectMapping: 0.227708 ms MarkObjects: 4.990417 ms  DeleteObjects: 2.033291 ms)

========================================================================
Received Import Request.
  Time since last request: 1556247.173227 seconds.
  path: Assets/Samples/XR Interaction Toolkit/3.0.7/Starter Assets/DemoSceneAssets
  artifactKey: Guid(42541a22bf6270741bd05ac5ca0fccd4) Importer(815301076,1909f56bfc062723c751e8b465ee728b)
Start importing Assets/Samples/XR Interaction Toolkit/3.0.7/Starter Assets/DemoSceneAssets using Guid(42541a22bf6270741bd05ac5ca0fccd4) Importer(815301076,1909f56bfc062723c751e8b465ee728b) (PreviewImporter) -> (artifact id: '76dfa867f0c1a095610bafb2d824c83c') in 0.003158 seconds
Number of updated asset objects reloaded before import = 0Number of asset objects unloaded after import = 0

========================================================================
Received Import Request.
  Time since last request: 20.047773 seconds.
  path: Assets/Samples/XR Interaction Toolkit/3.0.7/Starter Assets/Animations
  artifactKey: Guid(8214388458fa6ed49b17bdcee2339a6d) Importer(815301076,1909f56bfc062723c751e8b465ee728b)
Start importing Assets/Samples/XR Interaction Toolkit/3.0.7/Starter Assets/Animations using Guid(8214388458fa6ed49b17bdcee2339a6d) Importer(815301076,1909f56bfc062723c751e8b465ee728b) (PreviewImporter) -> (artifact id: 'a963b8de455981d28f01b790197d9b8d') in 0.000286084 seconds
Number of updated asset objects reloaded before import = 0Number of asset objects unloaded after import = 0

========================================================================
Received Import Request.
  Time since last request: 3.870137 seconds.
  path: Assets/Samples/XR Interaction Toolkit/3.0.7/Starter Assets/AffordanceThemes
  artifactKey: Guid(c333f3b28c3ddba48b84169d5da1a730) Importer(815301076,1909f56bfc062723c751e8b465ee728b)
Start importing Assets/Samples/XR Interaction Toolkit/3.0.7/Starter Assets/AffordanceThemes using Guid(c333f3b28c3ddba48b84169d5da1a730) Importer(815301076,1909f56bfc062723c751e8b465ee728b) (PreviewImporter) -> (artifact id: '6e87561f5fba2ae0cade465c4beb7c48') in 0.000261125 seconds
Number of updated asset objects reloaded before import = 0Number of asset objects unloaded after import = 0

========================================================================
Received Prepare
'Packages/com.unity.xr.openxr/Runtime/OpenXRLoader.cs' contains partial class of Unity.Object, exactly 1 of the partial classes needs to be in a file with the same filename. This is to know the one that can be referenced from ie. GameObjects
'Packages/com.unity.xr.openxr/Runtime/OpenXRLoaderInternal.cs' contains partial class of Unity.Object, exactly 1 of the partial classes needs to be in a file with the same filename. This is to know the one that can be referenced from ie. GameObjects
Refreshing native plugins compatible for Editor in 3.41 ms, found 9 plugins.
Preloading 1 native plugins for Editor in 0.17 ms.
Unloading 14 Unused Serialized files (Serialized files now loaded: 0)
Unloading 6960 unused Assets / (5.2 MB). Loaded Objects now: 7840.
Memory consumption went from 149.1 MB to 143.9 MB.
Total: 6.810875 ms (FindLiveObjects: 0.299500 ms CreateObjectMapping: 0.233000 ms MarkObjects: 4.202000 ms  DeleteObjects: 2.076083 ms)

Prepare: number of updated asset objects reloaded= 0
========================================================================
Received Prepare
Begin MonoManager ReloadAssembly
Thread 0x2b4787000 may have been prematurely finalized
Symbol file LoadedFromMemory is not a mono symbol file
- Loaded All Assemblies, in  0.546 seconds
'Packages/com.unity.xr.openxr/Runtime/OpenXRLoader.cs' contains partial class of Unity.Object, exactly 1 of the partial classes needs to be in a file with the same filename. This is to know the one that can be referenced from ie. GameObjects
'Packages/com.unity.xr.openxr/Runtime/OpenXRLoaderInternal.cs' contains partial class of Unity.Object, exactly 1 of the partial classes needs to be in a file with the same filename. This is to know the one that can be referenced from ie. GameObjects
Refreshing native plugins compatible for Editor in 2.80 ms, found 9 plugins.
Native extension for iOS target not found
2025-03-26 12:49:41.760 Unity[16526:51055437] [XcodeApplications] Failed to read NSDictionary from path cwF/Contents/Info.plist
Native extension for Android target not found
Native extension for OSXStandalone target not found
[Package Manager] Failed to launch server process. Reason: Unity was launched with the -noUpm command-line argument
[Package Manager] Unable to send message (not connected to server process).
[Package Manager] Cannot connect to Unity Package Manager local server
Mono: successfully reloaded assembly
[Package Manager] Failed to launch server process. Reason: Unity was launched with the -noUpm command-line argument
[Package Manager] Unable to send message (not connected to server process).
[Package Manager] Cannot connect to Unity Package Manager local server
- Finished resetting the current domain, in  0.833 seconds
Domain Reload Profiling: 1381ms
	BeginReloadAssembly (135ms)
		ExecutionOrderSort (0ms)
		DisableScriptedObjects (3ms)
		BackupInstance (0ms)
		ReleaseScriptingObjects (0ms)
		CreateAndSetChildDomain (66ms)
	RebuildCommonClasses (27ms)
	RebuildNativeTypeToScriptingClass (9ms)
	initialDomainReloadingComplete (14ms)
	LoadAllAssembliesAndSetupDomain (362ms)
		LoadAssemblies (241ms)
		RebuildTransferFunctionScriptingTraits (0ms)
		AnalyzeDomain (155ms)
			TypeCache.Refresh (11ms)
				TypeCache.ScanAssembly (1ms)
			BuildScriptInfoCaches (133ms)
			ResolveRequiredComponents (9ms)
	FinalizeReload (834ms)
		ReleaseScriptCaches (0ms)
		RebuildScriptCaches (0ms)
		SetupLoadedEditorAssemblies (629ms)
			LogAssemblyErrors (0ms)
			InitializePlatformSupportModulesInManaged (17ms)
			SetLoadedEditorAssemblies (3ms)
			BeforeProcessingInitializeOnLoad (50ms)
			ProcessInitializeOnLoadAttributes (487ms)
			ProcessInitializeOnLoadMethodAttributes (69ms)
			AfterProcessingInitializeOnLoad (2ms)
			EditorAssembliesLoaded (0ms)
		ExecutionOrderSort2 (0ms)
		AwakeInstancesAfterBackupRestoration (6ms)
Refreshing native plugins compatible for Editor in 3.02 ms, found 9 plugins.
Preloading 1 native plugins for Editor in 0.18 ms.
Unloading 31 Unused Serialized files (Serialized files now loaded: 0)
Unloading 7009 unused Assets / (5.1 MB). Loaded Objects now: 7872.
Memory consumption went from 228.9 MB to 223.8 MB.
Total: 7.497541 ms (FindLiveObjects: 0.356125 ms CreateObjectMapping: 0.243084 ms MarkObjects: 4.778500 ms  DeleteObjects: 2.119041 ms)

Prepare: number of updated asset objects reloaded= 0
========================================================================
Received Import Request.
  Time since last request: 19.542690 seconds.
  path: Assets/Samples/XR Interaction Toolkit/3.0.7/Starter Assets/Editor
  artifactKey: Guid(004f0e70ab2efb54a9d93a283d657b97) Importer(815301076,1909f56bfc062723c751e8b465ee728b)
Start importing Assets/Samples/XR Interaction Toolkit/3.0.7/Starter Assets/Editor using Guid(004f0e70ab2efb54a9d93a283d657b97) Importer(815301076,1909f56bfc062723c751e8b465ee728b) (PreviewImporter) -> (artifact id: '7e081a51878835b04ca6fc100940abc5') in 0.000826208 seconds
Number of updated asset objects reloaded before import = 0Number of asset objects unloaded after import = 0

========================================================================
Received Import Request.
  Time since last request: 16.159260 seconds.
  path: Assets/Samples/XR Interaction Toolkit/3.0.7/Starter Assets/Presets
  artifactKey: Guid(18789729524e2584cb481572b253a15c) Importer(815301076,1909f56bfc062723c751e8b465ee728b)
Start importing Assets/Samples/XR Interaction Toolkit/3.0.7/Starter Assets/Presets using Guid(18789729524e2584cb481572b253a15c) Importer(815301076,1909f56bfc062723c751e8b465ee728b) (PreviewImporter) -> (artifact id: 'b67096d8aed96cbd5cbb89cdf0acc253') in 0.000335084 seconds
Number of updated asset objects reloaded before import = 0Number of asset objects unloaded after import = 0

========================================================================
Received Import Request.
  Time since last request: 2.223388 seconds.
  path: Assets/Samples/XR Interaction Toolkit/3.0.7/Starter Assets/Scripts
  artifactKey: Guid(31bb803a87bc16a4f8153da2e9086604) Importer(815301076,1909f56bfc062723c751e8b465ee728b)
Start importing Assets/Samples/XR Interaction Toolkit/3.0.7/Starter Assets/Scripts using Guid(31bb803a87bc16a4f8153da2e9086604) Importer(815301076,1909f56bfc062723c751e8b465ee728b) (PreviewImporter) -> (artifact id: '19c2a259a33f5fd68e3a5fc7ba93c150') in 0.000298 seconds
Number of updated asset objects reloaded before import = 0Number of asset objects unloaded after import = 0

========================================================================
Received Import Request.
  Time since last request: 13.292707 seconds.
  path: Assets/Onboarding Assets/Images/_Q3_detailsNew.png
  artifactKey: Guid(4dd3126119d564cc193c629f48753e47) Importer(815301076,1909f56bfc062723c751e8b465ee728b)
Start importing Assets/Onboarding Assets/Images/_Q3_detailsNew.png using Guid(4dd3126119d564cc193c629f48753e47) Importer(815301076,1909f56bfc062723c751e8b465ee728b) (PreviewImporter) -> (artifact id: '24feee52005a11bc7c2a2a2846060efa') in 0.051305834 seconds
Number of updated asset objects reloaded before import = 0Number of asset objects unloaded after import = 3

========================================================================
Received Import Request.
  Time since last request: 0.712323 seconds.
  path: Assets/Onboarding Assets/Images/f1f3d848-02e0-4063-9427-efbc4a14c74d.jpeg
  artifactKey: Guid(376c41e0aef7547599b6f3425672e245) Importer(815301076,1909f56bfc062723c751e8b465ee728b)
Start importing Assets/Onboarding Assets/Images/f1f3d848-02e0-4063-9427-efbc4a14c74d.jpeg using Guid(376c41e0aef7547599b6f3425672e245) Importer(815301076,1909f56bfc062723c751e8b465ee728b) (PreviewImporter) -> (artifact id: '2298b0139ec516b575e0e4f3f39a4064') in 0.006932167 seconds
Number of updated asset objects reloaded before import = 0Number of asset objects unloaded after import = 3

========================================================================
Received Import Request.
  Time since last request: 235.719415 seconds.
  path: Assets/Onboarding Assets/Images/New Meta.png
  artifactKey: Guid(621187f35088348a0832cc62a966aa80) Importer(815301076,1909f56bfc062723c751e8b465ee728b)
Start importing Assets/Onboarding Assets/Images/New Meta.png using Guid(621187f35088348a0832cc62a966aa80) Importer(815301076,1909f56bfc062723c751e8b465ee728b) (PreviewImporter) -> (artifact id: '0c4eb4352faebebea3e4b1bdedb202ca') in 0.029422375 seconds
Number of updated asset objects reloaded before import = 0Number of asset objects unloaded after import = 3

========================================================================
Received Import Request.
  Time since last request: 27.668046 seconds.
  path: Assets/Onboarding Assets/Images/QuestImage.jpeg
  artifactKey: Guid(568653a0707e44102921b82f1844f9cc) Importer(815301076,1909f56bfc062723c751e8b465ee728b)
Start importing Assets/Onboarding Assets/Images/QuestImage.jpeg using Guid(568653a0707e44102921b82f1844f9cc) Importer(815301076,1909f56bfc062723c751e8b465ee728b) (PreviewImporter) -> (artifact id: 'b3c5a2751d695e3f89a0c65774ca65a7') in 0.006099958 seconds
Number of updated asset objects reloaded before import = 0Number of asset objects unloaded after import = 2

========================================================================
Received Import Request.
  Time since last request: 94.656485 seconds.
  path: Assets/Onboarding Assets/Sprites/UI/Circle_60x60_Horizontal.png
  artifactKey: Guid(b342eb1e41a45ce41b5c7c684a17c465) Importer(815301076,1909f56bfc062723c751e8b465ee728b)
Start importing Assets/Onboarding Assets/Sprites/UI/Circle_60x60_Horizontal.png using Guid(b342eb1e41a45ce41b5c7c684a17c465) Importer(815301076,1909f56bfc062723c751e8b465ee728b) (PreviewImporter) -> (artifact id: 'ccc29a06806253a84ccc18aa7931dc25') in 0.008368667 seconds
Number of updated asset objects reloaded before import = 0Number of asset objects unloaded after import = 3

========================================================================
Received Import Request.
  Time since last request: 0.000052 seconds.
  path: Assets/Onboarding Assets/Sprites/UI/Coaching card.png
  artifactKey: Guid(bd657264cd2bd754bbed1cc8905fbdce) Importer(815301076,1909f56bfc062723c751e8b465ee728b)
Start importing Assets/Onboarding Assets/Sprites/UI/Coaching card.png using Guid(bd657264cd2bd754bbed1cc8905fbdce) Importer(815301076,1909f56bfc062723c751e8b465ee728b) (PreviewImporter) -> (artifact id: 'f7508dde0e8765e18fd5af3f37c80fac') in 0.007272417 seconds
Number of updated asset objects reloaded before import = 0Number of asset objects unloaded after import = 3

========================================================================
Received Import Request.
  Time since last request: 0.000031 seconds.
  path: Assets/Onboarding Assets/Sprites/UI/Round Radius 10 Top.png
  artifactKey: Guid(de0113b98aad70a419960e61a7d8d6ef) Importer(815301076,1909f56bfc062723c751e8b465ee728b)
Start importing Assets/Onboarding Assets/Sprites/UI/Round Radius 10 Top.png using Guid(de0113b98aad70a419960e61a7d8d6ef) Importer(815301076,1909f56bfc062723c751e8b465ee728b) (PreviewImporter) -> (artifact id: '74ddbd3d665482b0f0e33f2a3b95c696') in 0.005590666 seconds
Number of updated asset objects reloaded before import = 0Number of asset objects unloaded after import = 3

========================================================================
Received Import Request.
  Time since last request: 0.000041 seconds.
  path: Assets/Onboarding Assets/Sprites/UI/Pause.png
  artifactKey: Guid(5f4d26dedc364e74d880a7125d57119c) Importer(815301076,1909f56bfc062723c751e8b465ee728b)
Start importing Assets/Onboarding Assets/Sprites/UI/Pause.png using Guid(5f4d26dedc364e74d880a7125d57119c) Importer(815301076,1909f56bfc062723c751e8b465ee728b) (PreviewImporter) -> (artifact id: '63da50fa4715c60c4401e3b7bb9007b5') in 0.008689917 seconds
Number of updated asset objects reloaded before import = 0Number of asset objects unloaded after import = 3

========================================================================
Received Import Request.
  Time since last request: 0.000044 seconds.
  path: Assets/Onboarding Assets/Sprites/UI/Play.png
  artifactKey: Guid(490272c7e5fa30f4a88f5f77ac90ca97) Importer(815301076,1909f56bfc062723c751e8b465ee728b)
Start importing Assets/Onboarding Assets/Sprites/UI/Play.png using Guid(490272c7e5fa30f4a88f5f77ac90ca97) Importer(815301076,1909f56bfc062723c751e8b465ee728b) (PreviewImporter) -> (artifact id: 'c657fb002af30311f04497357e94b210') in 0.005808375 seconds
Number of updated asset objects reloaded before import = 0Number of asset objects unloaded after import = 3

========================================================================
Received Import Request.
  Time since last request: 0.000041 seconds.
  path: Assets/Onboarding Assets/Sprites/UI/Round Radius 10.png
  artifactKey: Guid(65d31ca9600c4654e886aa7bab36e94b) Importer(815301076,1909f56bfc062723c751e8b465ee728b)
Start importing Assets/Onboarding Assets/Sprites/UI/Round Radius 10.png using Guid(65d31ca9600c4654e886aa7bab36e94b) Importer(815301076,1909f56bfc062723c751e8b465ee728b) (PreviewImporter) -> (artifact id: '5ab9dbb1f2fb510ab6958c673e0be18b') in 0.005731583 seconds
Number of updated asset objects reloaded before import = 0Number of asset objects unloaded after import = 3

========================================================================
Received Import Request.
  Time since last request: 27.636639 seconds.
  path: Assets/Onboarding Assets/Images/QuestImage.jpeg
  artifactKey: Guid(568653a0707e44102921b82f1844f9cc) Importer(815301076,1909f56bfc062723c751e8b465ee728b)
Start importing Assets/Onboarding Assets/Images/QuestImage.jpeg using Guid(568653a0707e44102921b82f1844f9cc) Importer(815301076,1909f56bfc062723c751e8b465ee728b) (PreviewImporter) -> (artifact id: '14aaec64e635a0588d5d5ab2f548aa89') in 0.007451375 seconds
Number of updated asset objects reloaded before import = 0Number of asset objects unloaded after import = 2

========================================================================
Received Prepare
Begin MonoManager ReloadAssembly
Thread 0x2a8aa3000 may have been prematurely finalized
Symbol file LoadedFromMemory is not a mono symbol file
- Loaded All Assemblies, in  0.618 seconds
'Packages/com.unity.xr.openxr/Runtime/OpenXRLoader.cs' contains partial class of Unity.Object, exactly 1 of the partial classes needs to be in a file with the same filename. This is to know the one that can be referenced from ie. GameObjects
'Packages/com.unity.xr.openxr/Runtime/OpenXRLoaderInternal.cs' contains partial class of Unity.Object, exactly 1 of the partial classes needs to be in a file with the same filename. This is to know the one that can be referenced from ie. GameObjects
Refreshing native plugins compatible for Editor in 3.13 ms, found 9 plugins.
Native extension for iOS target not found
Native extension for Android target not found
Native extension for OSXStandalone target not found
[Package Manager] Failed to launch server process. Reason: Unity was launched with the -noUpm command-line argument
[Package Manager] Unable to send message (not connected to server process).
[Package Manager] Cannot connect to Unity Package Manager local server
Mono: successfully reloaded assembly
[Package Manager] Failed to launch server process. Reason: Unity was launched with the -noUpm command-line argument
[Package Manager] Unable to send message (not connected to server process).
[Package Manager] Cannot connect to Unity Package Manager local server
- Finished resetting the current domain, in  0.853 seconds
Domain Reload Profiling: 1473ms
	BeginReloadAssembly (184ms)
		ExecutionOrderSort (0ms)
		DisableScriptedObjects (6ms)
		BackupInstance (0ms)
		ReleaseScriptingObjects (0ms)
		CreateAndSetChildDomain (85ms)
	RebuildCommonClasses (26ms)
	RebuildNativeTypeToScriptingClass (9ms)
	initialDomainReloadingComplete (20ms)
	LoadAllAssembliesAndSetupDomain (381ms)
		LoadAssemblies (241ms)
		RebuildTransferFunctionScriptingTraits (0ms)
		AnalyzeDomain (180ms)
			TypeCache.Refresh (15ms)
				TypeCache.ScanAssembly (3ms)
			BuildScriptInfoCaches (154ms)
			ResolveRequiredComponents (9ms)
	FinalizeReload (854ms)
		ReleaseScriptCaches (0ms)
		RebuildScriptCaches (0ms)
		SetupLoadedEditorAssemblies (652ms)
			LogAssemblyErrors (0ms)
			InitializePlatformSupportModulesInManaged (19ms)
			SetLoadedEditorAssemblies (4ms)
			BeforeProcessingInitializeOnLoad (50ms)
			ProcessInitializeOnLoadAttributes (506ms)
			ProcessInitializeOnLoadMethodAttributes (69ms)
			AfterProcessingInitializeOnLoad (2ms)
			EditorAssembliesLoaded (0ms)
		ExecutionOrderSort2 (0ms)
		AwakeInstancesAfterBackupRestoration (6ms)
Refreshing native plugins compatible for Editor in 3.51 ms, found 9 plugins.
Preloading 1 native plugins for Editor in 0.18 ms.
Unloading 21 Unused Serialized files (Serialized files now loaded: 0)
Unloading 7048 unused Assets / (4.8 MB). Loaded Objects now: 7927.
Memory consumption went from 227.3 MB to 222.6 MB.
Total: 7.100666 ms (FindLiveObjects: 0.319250 ms CreateObjectMapping: 0.245125 ms MarkObjects: 4.637291 ms  DeleteObjects: 1.898750 ms)

Prepare: number of updated asset objects reloaded= 0
========================================================================
Received Import Request.
  Time since last request: 313.685172 seconds.
  path: Assets/Onboarding Assets/Videos/ReadOutAloud.mov
  artifactKey: Guid(9207eeca5a8e442be85e26d15e87e86b) Importer(815301076,1909f56bfc062723c751e8b465ee728b)
Start importing Assets/Onboarding Assets/Videos/ReadOutAloud.mov using Guid(9207eeca5a8e442be85e26d15e87e86b) Importer(815301076,1909f56bfc062723c751e8b465ee728b) (PreviewImporter) -> (artifact id: 'bcb5261cdefd0cb676ae93a1929fc9fe') in 0.034043542 seconds
Number of updated asset objects reloaded before import = 0Number of asset objects unloaded after import = 1

========================================================================
Received Import Request.
  Time since last request: 348.267409 seconds.
  path: Assets/Onboarding Assets/Images/QuestImage.jpeg
  artifactKey: Guid(568653a0707e44102921b82f1844f9cc) Importer(815301076,1909f56bfc062723c751e8b465ee728b)
Start importing Assets/Onboarding Assets/Images/QuestImage.jpeg using Guid(568653a0707e44102921b82f1844f9cc) Importer(815301076,1909f56bfc062723c751e8b465ee728b) (PreviewImporter) -> (artifact id: '77a5b016c781c7138cac8d9c06cd3d7a') in 0.083095416 seconds
Number of updated asset objects reloaded before import = 0Number of asset objects unloaded after import = 3

========================================================================
Received Import Request.
  Time since last request: 17.875201 seconds.
  path: Assets/Onboarding Assets/Images/187d95e5-meta-vr-headsets.jpg
  artifactKey: Guid(a362c0d51973a45a2acc3fd54a4312fa) Importer(815301076,1909f56bfc062723c751e8b465ee728b)
Start importing Assets/Onboarding Assets/Images/187d95e5-meta-vr-headsets.jpg using Guid(a362c0d51973a45a2acc3fd54a4312fa) Importer(815301076,1909f56bfc062723c751e8b465ee728b) (PreviewImporter) -> (artifact id: '11a9fb8b4717b8f91d6bccc1762048a4') in 0.006090291 seconds
Number of updated asset objects reloaded before import = 0Number of asset objects unloaded after import = 2

========================================================================
Received Import Request.
  Time since last request: 8.574634 seconds.
  path: Assets/Onboarding Assets/Images/157ec439-9e44-4f0d-a3b2-2c273e290815.jpeg
  artifactKey: Guid(f838c8282ee8d42658f3f046c35ff9f5) Importer(815301076,1909f56bfc062723c751e8b465ee728b)
Start importing Assets/Onboarding Assets/Images/157ec439-9e44-4f0d-a3b2-2c273e290815.jpeg using Guid(f838c8282ee8d42658f3f046c35ff9f5) Importer(815301076,1909f56bfc062723c751e8b465ee728b) (PreviewImporter) -> (artifact id: '99d9355fe153cd5654b97520f23eb860') in 0.005867375 seconds
Number of updated asset objects reloaded before import = 0Number of asset objects unloaded after import = 2

========================================================================
Received Import Request.
  Time since last request: 8.727108 seconds.
  path: Assets/Onboarding Assets/Images/187d95e5-meta-vr-headsets.jpg
  artifactKey: Guid(a362c0d51973a45a2acc3fd54a4312fa) Importer(815301076,1909f56bfc062723c751e8b465ee728b)
Start importing Assets/Onboarding Assets/Images/187d95e5-meta-vr-headsets.jpg using Guid(a362c0d51973a45a2acc3fd54a4312fa) Importer(815301076,1909f56bfc062723c751e8b465ee728b) (PreviewImporter) -> (artifact id: '6dbd2e17869096ea18089723e908d605') in 0.006915458 seconds
Number of updated asset objects reloaded before import = 0Number of asset objects unloaded after import = 2

========================================================================
Received Import Request.
  Time since last request: 7.244561 seconds.
  path: Assets/Onboarding Assets/Images/157ec439-9e44-4f0d-a3b2-2c273e290815.jpeg
  artifactKey: Guid(f838c8282ee8d42658f3f046c35ff9f5) Importer(815301076,1909f56bfc062723c751e8b465ee728b)
Start importing Assets/Onboarding Assets/Images/157ec439-9e44-4f0d-a3b2-2c273e290815.jpeg using Guid(f838c8282ee8d42658f3f046c35ff9f5) Importer(815301076,1909f56bfc062723c751e8b465ee728b) (PreviewImporter) -> (artifact id: '3993c421d49587217bbffa324a23f8c7') in 0.00756225 seconds
Number of updated asset objects reloaded before import = 0Number of asset objects unloaded after import = 3

========================================================================
Received Import Request.
  Time since last request: 29.158774 seconds.
  path: Assets/Onboarding Assets/Images/187d95e5-meta-vr-headsets.jpg
  artifactKey: Guid(a362c0d51973a45a2acc3fd54a4312fa) Importer(815301076,1909f56bfc062723c751e8b465ee728b)
Start importing Assets/Onboarding Assets/Images/187d95e5-meta-vr-headsets.jpg using Guid(a362c0d51973a45a2acc3fd54a4312fa) Importer(815301076,1909f56bfc062723c751e8b465ee728b) (PreviewImporter) -> (artifact id: '16efa70d3ae1d051f3255e70eea94bbd') in 0.007973791 seconds
Number of updated asset objects reloaded before import = 0Number of asset objects unloaded after import = 3

========================================================================
Received Import Request.
  Time since last request: 193.679114 seconds.
  path: Assets/Resources
  artifactKey: Guid(14d0e89c2c57d4bd5b5e111249ec8391) Importer(815301076,1909f56bfc062723c751e8b465ee728b)
Start importing Assets/Resources using Guid(14d0e89c2c57d4bd5b5e111249ec8391) Importer(815301076,1909f56bfc062723c751e8b465ee728b) (PreviewImporter) -> (artifact id: '874d24ebfa8937615ee9c7f59f425b1d') in 0.003493625 seconds
Number of updated asset objects reloaded before import = 0Number of asset objects unloaded after import = 0

========================================================================
Received Import Request.
  Time since last request: 28.711397 seconds.
  path: Assets/Samples/XR Interaction Toolkit/3.0.7/Starter Assets/TunnelingVignette
  artifactKey: Guid(14305397b55fd2148ab7fcbdcbb60a50) Importer(815301076,1909f56bfc062723c751e8b465ee728b)
Start importing Assets/Samples/XR Interaction Toolkit/3.0.7/Starter Assets/TunnelingVignette using Guid(14305397b55fd2148ab7fcbdcbb60a50) Importer(815301076,1909f56bfc062723c751e8b465ee728b) (PreviewImporter) -> (artifact id: '1c151df4e1e179e360f3bec7308baa71') in 0.000628458 seconds
Number of updated asset objects reloaded before import = 0Number of asset objects unloaded after import = 0

========================================================================
Received Import Request.
  Time since last request: 3.637472 seconds.
  path: Assets/Samples/XR Interaction Toolkit/3.0.7/Starter Assets/Filters
  artifactKey: Guid(cbfc8c172e97a1a429faf76ac87aaf06) Importer(815301076,1909f56bfc062723c751e8b465ee728b)
Start importing Assets/Samples/XR Interaction Toolkit/3.0.7/Starter Assets/Filters using Guid(cbfc8c172e97a1a429faf76ac87aaf06) Importer(815301076,1909f56bfc062723c751e8b465ee728b) (PreviewImporter) -> (artifact id: '3717a7d92eec57c400b1e2a5046e9d5c') in 0.000428708 seconds
Number of updated asset objects reloaded before import = 0Number of asset objects unloaded after import = 0

